app/build/outputs/logs/manifest-merger-debug-report.txt
-- Merging decision tree log ---
manifest
ADDED from src/main/AndroidManifest.xml:2:1-122:12
	package
		ADDED from src/main/AndroidManifest.xml:4:5-30
		INJECTED from src/main/AndroidManifest.xml
		INJECTED from src/main/AndroidManifest.xml
	android:versionName
		ADDED from src/main/AndroidManifest.xml:6:5-31
		INJECTED from src/main/AndroidManifest.xml
		INJECTED from src/main/AndroidManifest.xml
	xmlns:tools
		ADDED from src/main/AndroidManifest.xml:3:5-51
	android:versionCode
		ADDED from src/main/AndroidManifest.xml:5:5-29
		INJECTED from src/main/AndroidManifest.xml
		INJECTED from src/main/AndroidManifest.xml
	xmlns:android
		ADDED from src/main/AndroidManifest.xml:2:11-69
uses-permission#android.permission.WRITE_EXTERNAL_STORAGE
ADDED from src/main/AndroidManifest.xml:9:5-81
MERGED from [android-quill-master1:androidFilePicker:unspecified] AndroidManifest.xml:11:5-81
	android:name
		ADDED from src/main/AndroidManifest.xml:9:22-78
uses-permission#android.permission.READ_CONTACTS
ADDED from src/main/AndroidManifest.xml:10:5-72
	android:name
		ADDED from src/main/AndroidManifest.xml:10:22-69
uses-permission#android.permission.READ_PROFILE
ADDED from src/main/AndroidManifest.xml:11:5-71
	android:name
		ADDED from src/main/AndroidManifest.xml:11:22-68
uses-permission#android.permission.INTERNET
ADDED from src/main/AndroidManifest.xml:12:5-67
	android:name
		ADDED from src/main/AndroidManifest.xml:12:22-64
uses-permission#android.permission.AUTHENTICATE_ACCOUNTS
ADDED from src/main/AndroidManifest.xml:13:5-80
	android:name
		ADDED from src/main/AndroidManifest.xml:13:22-77
uses-permission#android.permission.GET_ACCOUNTS
ADDED from src/main/AndroidManifest.xml:14:5-71
	android:name
		ADDED from src/main/AndroidManifest.xml:14:22-68
application
ADDED from src/main/AndroidManifest.xml:16:5-120:19
MERGED from [android-quill-master1:androidFilePicker:unspecified] AndroidManifest.xml:13:5-46:19
	android:label
		ADDED from src/main/AndroidManifest.xml:21:9-41
		REJECTED from [android-quill-master1:androidFilePicker:unspecified] AndroidManifest.xml:15:9-48
	android:hardwareAccelerated
		ADDED from src/main/AndroidManifest.xml:19:9-43
	android:allowBackup
		ADDED from src/main/AndroidManifest.xml:18:9-35
	android:icon
		ADDED from src/main/AndroidManifest.xml:20:9-38
		REJECTED from [android-quill-master1:androidFilePicker:unspecified] AndroidManifest.xml:14:9-49
	android:largeHeap
		ADDED from src/main/AndroidManifest.xml:22:9-33
	android:theme
		ADDED from src/main/AndroidManifest.xml:23:9-56
	tools:replace
		ADDED from src/main/AndroidManifest.xml:17:9-43
activity#com.write.Quill.QuillWriterActivity
ADDED from src/main/AndroidManifest.xml:24:9-32:20
	android:label
		ADDED from src/main/AndroidManifest.xml:26:13-45
	android:name
		ADDED from src/main/AndroidManifest.xml:25:13-48
intent-filter#android.intent.action.MAIN+android.intent.category.LAUNCHER+android.intent.category.MULTIWINDOW_LAUNCHER
ADDED from src/main/AndroidManifest.xml:27:13-31:29
action#android.intent.action.MAIN
ADDED from src/main/AndroidManifest.xml:28:17-69
	android:name
		ADDED from src/main/AndroidManifest.xml:28:25-66
category#android.intent.category.LAUNCHER
ADDED from src/main/AndroidManifest.xml:29:17-77
	android:name
		ADDED from src/main/AndroidManifest.xml:29:27-74
category#android.intent.category.MULTIWINDOW_LAUNCHER
ADDED from src/main/AndroidManifest.xml:30:17-89
	android:name
		ADDED from src/main/AndroidManifest.xml:30:27-86
activity#com.write.Quill.Preferences
ADDED from src/main/AndroidManifest.xml:33:9-34:20
	android:name
		ADDED from src/main/AndroidManifest.xml:33:19-46
activity#com.write.Quill.export.ExportActivity
ADDED from src/main/AndroidManifest.xml:35:9-38:20
	android:theme
		ADDED from src/main/AndroidManifest.xml:37:13-67
	android:name
		ADDED from src/main/AndroidManifest.xml:36:13-50
activity#com.write.Quill.TagsListActivity
ADDED from src/main/AndroidManifest.xml:39:9-42:20
	android:theme
		ADDED from src/main/AndroidManifest.xml:41:13-60
	android:name
		ADDED from src/main/AndroidManifest.xml:40:13-45
activity#com.write.Quill.thumbnail.ThumbnailActivity
ADDED from src/main/AndroidManifest.xml:43:9-46:20
	android:theme
		ADDED from src/main/AndroidManifest.xml:45:13-54
	android:name
		ADDED from src/main/AndroidManifest.xml:44:13-56
activity#org.libharu.TestActivity
ADDED from src/main/AndroidManifest.xml:47:9-48:20
	android:name
		ADDED from src/main/AndroidManifest.xml:47:19-58
activity#com.write.Quill.bookshelf.BookshelfActivity
ADDED from src/main/AndroidManifest.xml:49:9-52:20
	android:theme
		ADDED from src/main/AndroidManifest.xml:51:13-61
	android:name
		ADDED from src/main/AndroidManifest.xml:50:13-56
activity#com.write.Quill.UpdateActivity
ADDED from src/main/AndroidManifest.xml:53:9-56:20
	android:theme
		ADDED from src/main/AndroidManifest.xml:55:13-61
	android:name
		ADDED from src/main/AndroidManifest.xml:54:13-43
activity#name.vbraun.filepicker.FilePickerActivity
ADDED from src/main/AndroidManifest.xml:57:9-60:20
MERGED from [android-quill-master1:androidFilePicker:unspecified] AndroidManifest.xml:17:9-45:20
	android:label
		ADDED from [android-quill-master1:androidFilePicker:unspecified] AndroidManifest.xml:20:13-52
	android:hardwareAccelerated
		ADDED from [android-quill-master1:androidFilePicker:unspecified] AndroidManifest.xml:19:13-47
	android:theme
		ADDED from src/main/AndroidManifest.xml:59:13-60
	android:name
		ADDED from src/main/AndroidManifest.xml:58:13-69
activity#com.write.Quill.image.ImageActivity
ADDED from src/main/AndroidManifest.xml:61:9-64:20
	android:theme
		ADDED from src/main/AndroidManifest.xml:63:13-60
	android:name
		ADDED from src/main/AndroidManifest.xml:62:13-48
activity#com.write.Quill.image.CropImage
ADDED from src/main/AndroidManifest.xml:65:9-68:20
	android:theme
		ADDED from src/main/AndroidManifest.xml:67:13-60
	android:name
		ADDED from src/main/AndroidManifest.xml:66:13-44
activity#com.write.Quill.sync.NewAccountActivity
ADDED from src/main/AndroidManifest.xml:69:9-72:20
	android:theme
		ADDED from src/main/AndroidManifest.xml:71:13-61
	android:name
		ADDED from src/main/AndroidManifest.xml:70:13-52
activity#com.write.Quill.sync.LoginActivity
ADDED from src/main/AndroidManifest.xml:73:9-76:20
	android:theme
		ADDED from src/main/AndroidManifest.xml:75:13-61
	android:name
		ADDED from src/main/AndroidManifest.xml:74:13-47
service#com.write.Quill.sync.AuthenticatorService
ADDED from src/main/AndroidManifest.xml:78:9-87:19
	android:exported
		ADDED from src/main/AndroidManifest.xml:80:13-37
	android:name
		ADDED from src/main/AndroidManifest.xml:79:13-54
intent-filter#android.accounts.AccountAuthenticator
ADDED from src/main/AndroidManifest.xml:81:13-83:29
action#android.accounts.AccountAuthenticator
ADDED from src/main/AndroidManifest.xml:82:17-80
	android:name
		ADDED from src/main/AndroidManifest.xml:82:25-77
meta-data#android.accounts.AccountAuthenticator
ADDED from src/main/AndroidManifest.xml:84:13-86:57
	android:resource
		ADDED from src/main/AndroidManifest.xml:86:17-54
	android:name
		ADDED from src/main/AndroidManifest.xml:85:17-69
activity#com.write.Quill.sync.AccountPreferences
ADDED from src/main/AndroidManifest.xml:89:9-90:20
	android:name
		ADDED from src/main/AndroidManifest.xml:89:19-58
activity#com.write.Quill.sync.SyncActivity
ADDED from src/main/AndroidManifest.xml:91:9-94:20
	android:theme
		ADDED from src/main/AndroidManifest.xml:93:13-60
	android:name
		ADDED from src/main/AndroidManifest.xml:92:13-46
activity#name.vbraun.lib.help.HelpBrowser
ADDED from src/main/AndroidManifest.xml:95:9-98:20
	android:theme
		ADDED from src/main/AndroidManifest.xml:97:13-54
	android:name
		ADDED from src/main/AndroidManifest.xml:96:13-60
activity#com.write.Quill.bookshelf.ImportBackupActivity
ADDED from src/main/AndroidManifest.xml:99:9-113:20
	android:theme
		ADDED from src/main/AndroidManifest.xml:101:13-61
	android:name
		ADDED from src/main/AndroidManifest.xml:100:13-74
intent-filter#android.intent.action.EDIT+android.intent.action.PICK+android.intent.action.VIEW+android.intent.category.BROWSABLE+android.intent.category.DEFAULT
ADDED from src/main/AndroidManifest.xml:102:13-112:29
action#android.intent.action.VIEW
ADDED from src/main/AndroidManifest.xml:103:17-69
	android:name
		ADDED from src/main/AndroidManifest.xml:103:25-66
action#android.intent.action.EDIT
ADDED from src/main/AndroidManifest.xml:104:17-69
	android:name
		ADDED from src/main/AndroidManifest.xml:104:25-66
action#android.intent.action.PICK
ADDED from src/main/AndroidManifest.xml:105:17-69
	android:name
		ADDED from src/main/AndroidManifest.xml:105:25-66
category#android.intent.category.DEFAULT
ADDED from src/main/AndroidManifest.xml:106:17-76
	android:name
		ADDED from src/main/AndroidManifest.xml:106:27-73
category#android.intent.category.BROWSABLE
ADDED from src/main/AndroidManifest.xml:107:11-72
	android:name
		ADDED from src/main/AndroidManifest.xml:107:21-69
data
ADDED from src/main/AndroidManifest.xml:108:17-42
	android:host
		ADDED from src/main/AndroidManifest.xml:108:23-39
uses-library#com.sec.android.app.multiwindow
ADDED from src/main/AndroidManifest.xml:114:6-94
	android:required
		ADDED from src/main/AndroidManifest.xml:114:20-44
	android:name
		ADDED from src/main/AndroidManifest.xml:114:45-91
meta-data#com.sec.android.support.multiwindow
ADDED from src/main/AndroidManifest.xml:115:9-94
	android:value
		ADDED from src/main/AndroidManifest.xml:115:71-91
	android:name
		ADDED from src/main/AndroidManifest.xml:115:20-70
meta-data#com.sec.android.multiwindow.DEFAULT_SIZE_W
ADDED from src/main/AndroidManifest.xml:116:9-124
	android:resource
		ADDED from src/main/AndroidManifest.xml:116:78-121
	android:name
		ADDED from src/main/AndroidManifest.xml:116:20-77
meta-data#com.sec.android.multiwindow.DEFAULT_SIZE_H
ADDED from src/main/AndroidManifest.xml:117:3-118
	android:resource
		ADDED from src/main/AndroidManifest.xml:117:72-115
	android:name
		ADDED from src/main/AndroidManifest.xml:117:14-71
meta-data#com.sec.android.multiwindow.MINIMUM_SIZE_W
ADDED from src/main/AndroidManifest.xml:118:3-118
	android:resource
		ADDED from src/main/AndroidManifest.xml:118:72-115
	android:name
		ADDED from src/main/AndroidManifest.xml:118:14-71
meta-data#com.sec.android.multiwindow.MINIMUM_SIZE_H
ADDED from src/main/AndroidManifest.xml:119:3-118
	android:resource
		ADDED from src/main/AndroidManifest.xml:119:72-115
	android:name
		ADDED from src/main/AndroidManifest.xml:119:14-71
uses-sdk
INJECTED from src/main/AndroidManifest.xml reason: use-sdk injection requested
MERGED from [com.github.yukuku:ambilwarna:2.0.1] AndroidManifest.xml:8:5-10:41
MERGED from [android-quill-master1:androidFilePicker:unspecified] AndroidManifest.xml:7:5-9:41
	android:targetSdkVersion
		INJECTED from src/main/AndroidManifest.xml
		INJECTED from src/main/AndroidManifest.xml
	android:minSdkVersion
		INJECTED from src/main/AndroidManifest.xml
		INJECTED from src/main/AndroidManifest.xml
intent-filter#android.intent.category.DEFAULT+org.openintents.action.PICK_FILE
ADDED from [android-quill-master1:androidFilePicker:unspecified] AndroidManifest.xml:21:13-27:29
action#org.openintents.action.PICK_FILE
ADDED from [android-quill-master1:androidFilePicker:unspecified] AndroidManifest.xml:22:17-75
	android:name
		ADDED from [android-quill-master1:androidFilePicker:unspecified] AndroidManifest.xml:22:25-72
intent-filter#android.intent.category.DEFAULT+org.openintents.action.PICK_DIRECTORY
ADDED from [android-quill-master1:androidFilePicker:unspecified] AndroidManifest.xml:33:13-39:29
action#org.openintents.action.PICK_DIRECTORY
ADDED from [android-quill-master1:androidFilePicker:unspecified] AndroidManifest.xml:34:17-80
	android:name
		ADDED from [android-quill-master1:androidFilePicker:unspecified] AndroidManifest.xml:34:25-77
android:uses-permission#android.permission.READ_EXTERNAL_STORAGE
IMPLIED from src/main/AndroidManifest.xml:2:1-122:12 reason: name.vbraun.filepicker requested WRITE_EXTERNAL_STORAGE